<?xml version="1.0" encoding="UTF-8"?>
<!-- Generated by org.testng.reporters.JUnitXMLReporter -->
<testsuite ignored="0" hostname="LAPTOP-8FCBRHDG" failures="1" tests="2" name="Test" time="55.437" errors="0" timestamp="2026-03-12T11:25:06 CET">
  <testcase classname="testCases.Tc_003" name="verify_login" time="24.205">
    <failure type="java.lang.AssertionError" message="expected [true] but found [false]">
      <![CDATA[java.lang.AssertionError: expected [true] but found [false]
at testCases.Tc_003.verify_login(Tc_003.java:38)
at java.base/java.util.ArrayList.forEach(ArrayList.java:1541)
... Removed 31 stack frames]]>
    </failure>
  </testcase> <!-- verify_login -->
  <testcase classname="testCases.Tc_003" name="verify_login" time="22.655"/>
</testsuite> <!-- Test -->
