<?xml version="1.0" encoding="UTF-8"?>
<testng-results ignored="0" total="2" passed="1" failed="1" skipped="0">
  <reporter-output>
  </reporter-output>
  <suite started-at="2026-03-12T11:24:09 CET" name="Suite" finished-at="2026-03-12T11:25:04 CET" duration-ms="55437">
    <groups>
      <group name="Master">
        <method signature="Tc_003.verify_login(java.lang.String,java.lang.String,java.lang.String)[pri:0, instance:testCases.Tc_003@6e2829c7]" name="verify_login" class="testCases.Tc_003"/>
      </group> <!-- Master -->
      <group name="datadriven">
        <method signature="Tc_003.verify_login(java.lang.String,java.lang.String,java.lang.String)[pri:0, instance:testCases.Tc_003@6e2829c7]" name="verify_login" class="testCases.Tc_003"/>
      </group> <!-- datadriven -->
    </groups>
    <test started-at="2026-03-12T11:24:09 CET" name="Test" finished-at="2026-03-12T11:25:04 CET" duration-ms="55437">
      <class name="testCases.Tc_003">
        <test-method is-config="true" signature="setup(java.lang.String)[pri:0, instance:testCases.Tc_003@6e2829c7]" started-at="2026-03-12T11:24:09 CET" name="setup" finished-at="2026-03-12T11:24:15 CET" duration-ms="5824" status="PASS">
          <params>
            <param index="0">
              <value>
                <![CDATA[chrome]]>
              </value>
            </param>
          </params>
          <reporter-output>
          </reporter-output>
        </test-method> <!-- setup -->
        <test-method signature="verify_login(java.lang.String,java.lang.String,java.lang.String)[pri:0, instance:testCases.Tc_003@6e2829c7]" started-at="2026-03-12T11:24:17 CET" name="verify_login" data-provider="LoginData" finished-at="2026-03-12T11:24:41 CET" duration-ms="24205" status="FAIL">
          <params>
            <param index="0">
              <value>
                <![CDATA[vinuthadarshan22@gmail.com]]>
              </value>
            </param>
            <param index="1">
              <value>
                <![CDATA[Open@2026]]>
              </value>
            </param>
            <param index="2">
              <value>
                <![CDATA[valid]]>
              </value>
            </param>
          </params>
          <exception class="java.lang.AssertionError">
            <message>
              <![CDATA[expected [true] but found [false]]]>
            </message>
            <full-stacktrace>
              <![CDATA[java.lang.AssertionError: expected [true] but found [false]
at org.testng.Assert.fail(Assert.java:111)
at org.testng.Assert.failNotEquals(Assert.java:1590)
at org.testng.Assert.assertTrue(Assert.java:57)
at org.testng.Assert.assertTrue(Assert.java:67)
at testCases.Tc_003.verify_login(Tc_003.java:38)
at java.base/jdk.internal.reflect.NativeMethodAccessorImpl.invoke0(Native Method)
at java.base/jdk.internal.reflect.NativeMethodAccessorImpl.invoke(NativeMethodAccessorImpl.java:62)
at java.base/jdk.internal.reflect.DelegatingMethodAccessorImpl.invoke(DelegatingMethodAccessorImpl.java:43)
at java.base/java.lang.reflect.Method.invoke(Method.java:566)
at org.testng.internal.invokers.MethodInvocationHelper.invokeMethod(MethodInvocationHelper.java:141)
at org.testng.internal.invokers.TestInvoker.invokeMethod(TestInvoker.java:687)
at org.testng.internal.invokers.TestInvoker.invokeTestMethod(TestInvoker.java:230)
at org.testng.internal.invokers.MethodRunner.runInSequence(MethodRunner.java:63)
at org.testng.internal.invokers.TestInvoker$MethodInvocationAgent.invoke(TestInvoker.java:995)
at org.testng.internal.invokers.TestInvoker.invokeTestMethods(TestInvoker.java:203)
at org.testng.internal.invokers.TestMethodWorker.invokeTestMethods(TestMethodWorker.java:154)
at org.testng.internal.invokers.TestMethodWorker.run(TestMethodWorker.java:134)
at java.base/java.util.ArrayList.forEach(ArrayList.java:1541)
at org.testng.TestRunner.privateRun(TestRunner.java:741)
at org.testng.TestRunner.run(TestRunner.java:616)
at org.testng.SuiteRunner.runTest(SuiteRunner.java:421)
at org.testng.SuiteRunner.runSequentially(SuiteRunner.java:413)
at org.testng.SuiteRunner.privateRun(SuiteRunner.java:373)
at org.testng.SuiteRunner.run(SuiteRunner.java:312)
at org.testng.SuiteRunnerWorker.runSuite(SuiteRunnerWorker.java:52)
at org.testng.SuiteRunnerWorker.run(SuiteRunnerWorker.java:95)
at org.testng.TestNG.runSuitesSequentially(TestNG.java:1274)
at org.testng.TestNG.runSuitesLocally(TestNG.java:1208)
at org.testng.TestNG.runSuites(TestNG.java:1112)
at org.testng.TestNG.run(TestNG.java:1079)
at org.testng.remote.AbstractRemoteTestNG.run(AbstractRemoteTestNG.java:115)
at org.testng.remote.RemoteTestNG.initAndRun(RemoteTestNG.java:293)
at org.testng.remote.RemoteTestNG.main(RemoteTestNG.java:91)
]]>
            </full-stacktrace>
          </exception> <!-- java.lang.AssertionError -->
          <reporter-output>
          </reporter-output>
        </test-method> <!-- verify_login -->
        <test-method signature="verify_login(java.lang.String,java.lang.String,java.lang.String)[pri:0, instance:testCases.Tc_003@6e2829c7]" started-at="2026-03-12T11:24:41 CET" name="verify_login" data-provider="LoginData" finished-at="2026-03-12T11:25:04 CET" duration-ms="22655" status="PASS">
          <params>
            <param index="0">
              <value>
                <![CDATA[user1@gmail.com]]>
              </value>
            </param>
            <param index="1">
              <value>
                <![CDATA[pass123]]>
              </value>
            </param>
            <param index="2">
              <value>
                <![CDATA[invalid]]>
              </value>
            </param>
          </params>
          <reporter-output>
          </reporter-output>
        </test-method> <!-- verify_login -->
        <test-method is-config="true" signature="teardown()[pri:0, instance:testCases.Tc_003@6e2829c7]" started-at="2026-03-12T11:25:04 CET" name="teardown" finished-at="2026-03-12T11:25:04 CET" duration-ms="381" status="PASS">
          <reporter-output>
          </reporter-output>
        </test-method> <!-- teardown -->
      </class> <!-- testCases.Tc_003 -->
    </test> <!-- Test -->
  </suite> <!-- Suite -->
</testng-results>
